<?xml version="1.0" encoding="UTF-8"?>
<testsuite name="com.example.myapplication.LoginUnitTest" tests="3" skipped="0" failures="0" errors="0" timestamp="2023-11-13T21:11:19" hostname="DESKTOP-UAQGJET" time="0.095">
  <properties/>
  <testcase name="testInvalidUsername" classname="com.example.myapplication.LoginUnitTest" time="0.094"/>
  <testcase name="readStringFromContext_LocalizedString" classname="com.example.myapplication.LoginUnitTest" time="0.0"/>
  <testcase name="testValidUsername" classname="com.example.myapplication.LoginUnitTest" time="0.001"/>
  <system-out><![CDATA[]]></system-out>
  <system-err><![CDATA[]]></system-err>
</testsuite>
